<?xml version="1.0" encoding="UTF-8"?>
<testsuite name="org.example.CalcTest" tests="6" skipped="0" failures="0" errors="0" timestamp="2023-09-05T09:34:03" hostname="DESKTOP-42KFQVG" time="0.042">
  <properties/>
  <testcase name="testSum()" classname="org.example.CalcTest" time="0.024"/>
  <testcase name="testMultiplicationByZero()" classname="org.example.CalcTest" time="0.004"/>
  <testcase name="testMultiplication()" classname="org.example.CalcTest" time="0.001"/>
  <testcase name="testDivisionByZero()" classname="org.example.CalcTest" time="0.002"/>
  <testcase name="testDivision()" classname="org.example.CalcTest" time="0.003"/>
  <testcase name="testSubtraction()" classname="org.example.CalcTest" time="0.001"/>
  <system-out><![CDATA[]]></system-out>
  <system-err><![CDATA[]]></system-err>
</testsuite>
